C:\Users\Dionis\Desktop\ASP.NET\BuyWebPage\wwwroot\ClientApp\out-tsc\app\app.component.js
C:\Users\Dionis\Desktop\ASP.NET\BuyWebPage\wwwroot\ClientApp\out-tsc\app\app.component.js.map
C:\Users\Dionis\Desktop\ASP.NET\BuyWebPage\wwwroot\ClientApp\out-tsc\app\Shared\products.js
C:\Users\Dionis\Desktop\ASP.NET\BuyWebPage\wwwroot\ClientApp\out-tsc\app\Shared\products.js.map
C:\Users\Dionis\Desktop\ASP.NET\BuyWebPage\wwwroot\ClientApp\out-tsc\app\Shared\Orders.js
C:\Users\Dionis\Desktop\ASP.NET\BuyWebPage\wwwroot\ClientApp\out-tsc\app\Shared\Orders.js.map
C:\Users\Dionis\Desktop\ASP.NET\BuyWebPage\wwwroot\ClientApp\out-tsc\app\Shared\DataService.js
C:\Users\Dionis\Desktop\ASP.NET\BuyWebPage\wwwroot\ClientApp\out-tsc\app\Shared\DataService.js.map
C:\Users\Dionis\Desktop\ASP.NET\BuyWebPage\wwwroot\ClientApp\out-tsc\app\Shop\Products.Component.js
C:\Users\Dionis\Desktop\ASP.NET\BuyWebPage\wwwroot\ClientApp\out-tsc\app\Shop\Products.Component.js.map
C:\Users\Dionis\Desktop\ASP.NET\BuyWebPage\wwwroot\ClientApp\out-tsc\app\SearchProducts\SearchProductComponent.js
C:\Users\Dionis\Desktop\ASP.NET\BuyWebPage\wwwroot\ClientApp\out-tsc\app\SearchProducts\SearchProductComponent.js.map
C:\Users\Dionis\Desktop\ASP.NET\BuyWebPage\wwwroot\ClientApp\out-tsc\app\Cart\Cart.Component.js
C:\Users\Dionis\Desktop\ASP.NET\BuyWebPage\wwwroot\ClientApp\out-tsc\app\Cart\Cart.Component.js.map
C:\Users\Dionis\Desktop\ASP.NET\BuyWebPage\wwwroot\ClientApp\out-tsc\app\checkout.component.js
C:\Users\Dionis\Desktop\ASP.NET\BuyWebPage\wwwroot\ClientApp\out-tsc\app\checkout.component.js.map
C:\Users\Dionis\Desktop\ASP.NET\BuyWebPage\wwwroot\ClientApp\out-tsc\app\Shop.Component.js
C:\Users\Dionis\Desktop\ASP.NET\BuyWebPage\wwwroot\ClientApp\out-tsc\app\Shop.Component.js.map
C:\Users\Dionis\Desktop\ASP.NET\BuyWebPage\wwwroot\ClientApp\out-tsc\app\Login\Login.Component.js
C:\Users\Dionis\Desktop\ASP.NET\BuyWebPage\wwwroot\ClientApp\out-tsc\app\Login\Login.Component.js.map
C:\Users\Dionis\Desktop\ASP.NET\BuyWebPage\wwwroot\ClientApp\out-tsc\app\app.module.js
C:\Users\Dionis\Desktop\ASP.NET\BuyWebPage\wwwroot\ClientApp\out-tsc\app\app.module.js.map
C:\Users\Dionis\Desktop\ASP.NET\BuyWebPage\wwwroot\ClientApp\out-tsc\environments\environment.js
C:\Users\Dionis\Desktop\ASP.NET\BuyWebPage\wwwroot\ClientApp\out-tsc\environments\environment.js.map
C:\Users\Dionis\Desktop\ASP.NET\BuyWebPage\wwwroot\ClientApp\out-tsc\main.js
C:\Users\Dionis\Desktop\ASP.NET\BuyWebPage\wwwroot\ClientApp\out-tsc\main.js.map
C:\Users\Dionis\Desktop\ASP.NET\BuyWebPage\wwwroot\ClientApp\out-tsc\polyfills.js
C:\Users\Dionis\Desktop\ASP.NET\BuyWebPage\wwwroot\ClientApp\out-tsc\polyfills.js.map
C:\Users\Dionis\Desktop\ASP.NET\BuyWebPage\wwwroot\ClientApp\out-tsc\environments\environment.prod.js
C:\Users\Dionis\Desktop\ASP.NET\BuyWebPage\wwwroot\ClientApp\out-tsc\environments\environment.prod.js.map
C:\Users\Dionis\Desktop\ASP.NET\BuyWebPage\wwwroot\ClientApp\out-tsc\app\app.component.js
C:\Users\Dionis\Desktop\ASP.NET\BuyWebPage\wwwroot\ClientApp\out-tsc\app\app.component.js.map
C:\Users\Dionis\Desktop\ASP.NET\BuyWebPage\wwwroot\ClientApp\out-tsc\app\Shared\products.js
C:\Users\Dionis\Desktop\ASP.NET\BuyWebPage\wwwroot\ClientApp\out-tsc\app\Shared\products.js.map
C:\Users\Dionis\Desktop\ASP.NET\BuyWebPage\wwwroot\ClientApp\out-tsc\app\Shared\Orders.js
C:\Users\Dionis\Desktop\ASP.NET\BuyWebPage\wwwroot\ClientApp\out-tsc\app\Shared\Orders.js.map
C:\Users\Dionis\Desktop\ASP.NET\BuyWebPage\wwwroot\ClientApp\out-tsc\app\Shared\DataService.js
C:\Users\Dionis\Desktop\ASP.NET\BuyWebPage\wwwroot\ClientApp\out-tsc\app\Shared\DataService.js.map
C:\Users\Dionis\Desktop\ASP.NET\BuyWebPage\wwwroot\ClientApp\out-tsc\app\Shop\Products.Component.js
C:\Users\Dionis\Desktop\ASP.NET\BuyWebPage\wwwroot\ClientApp\out-tsc\app\Shop\Products.Component.js.map
C:\Users\Dionis\Desktop\ASP.NET\BuyWebPage\wwwroot\ClientApp\out-tsc\app\SearchProducts\SearchProductComponent.js
C:\Users\Dionis\Desktop\ASP.NET\BuyWebPage\wwwroot\ClientApp\out-tsc\app\SearchProducts\SearchProductComponent.js.map
C:\Users\Dionis\Desktop\ASP.NET\BuyWebPage\wwwroot\ClientApp\out-tsc\app\Cart\Cart.Component.js
C:\Users\Dionis\Desktop\ASP.NET\BuyWebPage\wwwroot\ClientApp\out-tsc\app\Cart\Cart.Component.js.map
C:\Users\Dionis\Desktop\ASP.NET\BuyWebPage\wwwroot\ClientApp\out-tsc\app\checkout.component.js
C:\Users\Dionis\Desktop\ASP.NET\BuyWebPage\wwwroot\ClientApp\out-tsc\app\checkout.component.js.map
C:\Users\Dionis\Desktop\ASP.NET\BuyWebPage\wwwroot\ClientApp\out-tsc\app\Shop.Component.js
C:\Users\Dionis\Desktop\ASP.NET\BuyWebPage\wwwroot\ClientApp\out-tsc\app\Shop.Component.js.map
C:\Users\Dionis\Desktop\ASP.NET\BuyWebPage\wwwroot\ClientApp\out-tsc\app\Login\Login.Component.js
C:\Users\Dionis\Desktop\ASP.NET\BuyWebPage\wwwroot\ClientApp\out-tsc\app\Login\Login.Component.js.map
C:\Users\Dionis\Desktop\ASP.NET\BuyWebPage\wwwroot\ClientApp\out-tsc\app\app.module.js
C:\Users\Dionis\Desktop\ASP.NET\BuyWebPage\wwwroot\ClientApp\out-tsc\app\app.module.js.map
C:\Users\Dionis\Desktop\ASP.NET\BuyWebPage\wwwroot\ClientApp\out-tsc\environments\environment.js
C:\Users\Dionis\Desktop\ASP.NET\BuyWebPage\wwwroot\ClientApp\out-tsc\environments\environment.js.map
C:\Users\Dionis\Desktop\ASP.NET\BuyWebPage\wwwroot\ClientApp\out-tsc\main.js
C:\Users\Dionis\Desktop\ASP.NET\BuyWebPage\wwwroot\ClientApp\out-tsc\main.js.map
C:\Users\Dionis\Desktop\ASP.NET\BuyWebPage\wwwroot\ClientApp\out-tsc\polyfills.js
C:\Users\Dionis\Desktop\ASP.NET\BuyWebPage\wwwroot\ClientApp\out-tsc\polyfills.js.map
C:\Users\Dionis\Desktop\ASP.NET\BuyWebPage\wwwroot\ClientApp\out-tsc\environments\environment.prod.js
C:\Users\Dionis\Desktop\ASP.NET\BuyWebPage\wwwroot\ClientApp\out-tsc\environments\environment.prod.js.map
C:\Users\Dionis\Desktop\ASP.NET\BuyWebPage\wwwroot\ClientApp\out-tsc\app\app.component.js
C:\Users\Dionis\Desktop\ASP.NET\BuyWebPage\wwwroot\ClientApp\out-tsc\app\app.component.js.map
C:\Users\Dionis\Desktop\ASP.NET\BuyWebPage\wwwroot\ClientApp\out-tsc\app\Shared\products.js
C:\Users\Dionis\Desktop\ASP.NET\BuyWebPage\wwwroot\ClientApp\out-tsc\app\Shared\products.js.map
C:\Users\Dionis\Desktop\ASP.NET\BuyWebPage\wwwroot\ClientApp\out-tsc\app\Shared\Orders.js
C:\Users\Dionis\Desktop\ASP.NET\BuyWebPage\wwwroot\ClientApp\out-tsc\app\Shared\Orders.js.map
C:\Users\Dionis\Desktop\ASP.NET\BuyWebPage\wwwroot\ClientApp\out-tsc\app\Shared\DataService.js
C:\Users\Dionis\Desktop\ASP.NET\BuyWebPage\wwwroot\ClientApp\out-tsc\app\Shared\DataService.js.map
C:\Users\Dionis\Desktop\ASP.NET\BuyWebPage\wwwroot\ClientApp\out-tsc\app\Shop\Products.Component.js
C:\Users\Dionis\Desktop\ASP.NET\BuyWebPage\wwwroot\ClientApp\out-tsc\app\Shop\Products.Component.js.map
C:\Users\Dionis\Desktop\ASP.NET\BuyWebPage\wwwroot\ClientApp\out-tsc\app\SearchProducts\SearchProductComponent.js
C:\Users\Dionis\Desktop\ASP.NET\BuyWebPage\wwwroot\ClientApp\out-tsc\app\SearchProducts\SearchProductComponent.js.map
C:\Users\Dionis\Desktop\ASP.NET\BuyWebPage\wwwroot\ClientApp\out-tsc\app\Cart\Cart.Component.js
C:\Users\Dionis\Desktop\ASP.NET\BuyWebPage\wwwroot\ClientApp\out-tsc\app\Cart\Cart.Component.js.map
C:\Users\Dionis\Desktop\ASP.NET\BuyWebPage\wwwroot\ClientApp\out-tsc\app\checkout.component.js
C:\Users\Dionis\Desktop\ASP.NET\BuyWebPage\wwwroot\ClientApp\out-tsc\app\checkout.component.js.map
C:\Users\Dionis\Desktop\ASP.NET\BuyWebPage\wwwroot\ClientApp\out-tsc\app\Shop.Component.js
C:\Users\Dionis\Desktop\ASP.NET\BuyWebPage\wwwroot\ClientApp\out-tsc\app\Shop.Component.js.map
C:\Users\Dionis\Desktop\ASP.NET\BuyWebPage\wwwroot\ClientApp\out-tsc\app\Login\Login.Component.js
C:\Users\Dionis\Desktop\ASP.NET\BuyWebPage\wwwroot\ClientApp\out-tsc\app\Login\Login.Component.js.map
C:\Users\Dionis\Desktop\ASP.NET\BuyWebPage\wwwroot\ClientApp\out-tsc\app\app.module.js
C:\Users\Dionis\Desktop\ASP.NET\BuyWebPage\wwwroot\ClientApp\out-tsc\app\app.module.js.map
C:\Users\Dionis\Desktop\ASP.NET\BuyWebPage\wwwroot\ClientApp\out-tsc\environments\environment.js
C:\Users\Dionis\Desktop\ASP.NET\BuyWebPage\wwwroot\ClientApp\out-tsc\environments\environment.js.map
C:\Users\Dionis\Desktop\ASP.NET\BuyWebPage\wwwroot\ClientApp\out-tsc\main.js
C:\Users\Dionis\Desktop\ASP.NET\BuyWebPage\wwwroot\ClientApp\out-tsc\main.js.map
C:\Users\Dionis\Desktop\ASP.NET\BuyWebPage\wwwroot\ClientApp\out-tsc\polyfills.js
C:\Users\Dionis\Desktop\ASP.NET\BuyWebPage\wwwroot\ClientApp\out-tsc\polyfills.js.map
C:\Users\Dionis\Desktop\ASP.NET\BuyWebPage\wwwroot\ClientApp\out-tsc\environments\environment.prod.js
C:\Users\Dionis\Desktop\ASP.NET\BuyWebPage\wwwroot\ClientApp\out-tsc\environments\environment.prod.js.map
C:\Users\Dionis\Desktop\ASP.NET\BuyWebPage\wwwroot\ClientApp\out-tsc\app\app.component.js
C:\Users\Dionis\Desktop\ASP.NET\BuyWebPage\wwwroot\ClientApp\out-tsc\app\app.component.js.map
C:\Users\Dionis\Desktop\ASP.NET\BuyWebPage\wwwroot\ClientApp\out-tsc\app\Shared\products.js
C:\Users\Dionis\Desktop\ASP.NET\BuyWebPage\wwwroot\ClientApp\out-tsc\app\Shared\products.js.map
C:\Users\Dionis\Desktop\ASP.NET\BuyWebPage\wwwroot\ClientApp\out-tsc\app\Shared\Orders.js
C:\Users\Dionis\Desktop\ASP.NET\BuyWebPage\wwwroot\ClientApp\out-tsc\app\Shared\Orders.js.map
C:\Users\Dionis\Desktop\ASP.NET\BuyWebPage\wwwroot\ClientApp\out-tsc\app\Shared\DataService.js
C:\Users\Dionis\Desktop\ASP.NET\BuyWebPage\wwwroot\ClientApp\out-tsc\app\Shared\DataService.js.map
C:\Users\Dionis\Desktop\ASP.NET\BuyWebPage\wwwroot\ClientApp\out-tsc\app\Shop\Products.Component.js
C:\Users\Dionis\Desktop\ASP.NET\BuyWebPage\wwwroot\ClientApp\out-tsc\app\Shop\Products.Component.js.map
C:\Users\Dionis\Desktop\ASP.NET\BuyWebPage\wwwroot\ClientApp\out-tsc\app\SearchProducts\SearchProductComponent.js
C:\Users\Dionis\Desktop\ASP.NET\BuyWebPage\wwwroot\ClientApp\out-tsc\app\SearchProducts\SearchProductComponent.js.map
C:\Users\Dionis\Desktop\ASP.NET\BuyWebPage\wwwroot\ClientApp\out-tsc\app\Cart\Cart.Component.js
C:\Users\Dionis\Desktop\ASP.NET\BuyWebPage\wwwroot\ClientApp\out-tsc\app\Cart\Cart.Component.js.map
C:\Users\Dionis\Desktop\ASP.NET\BuyWebPage\wwwroot\ClientApp\out-tsc\app\checkout.component.js
C:\Users\Dionis\Desktop\ASP.NET\BuyWebPage\wwwroot\ClientApp\out-tsc\app\checkout.component.js.map
C:\Users\Dionis\Desktop\ASP.NET\BuyWebPage\wwwroot\ClientApp\out-tsc\app\Shop.Component.js
C:\Users\Dionis\Desktop\ASP.NET\BuyWebPage\wwwroot\ClientApp\out-tsc\app\Shop.Component.js.map
C:\Users\Dionis\Desktop\ASP.NET\BuyWebPage\wwwroot\ClientApp\out-tsc\app\Login\Login.Component.js
C:\Users\Dionis\Desktop\ASP.NET\BuyWebPage\wwwroot\ClientApp\out-tsc\app\Login\Login.Component.js.map
C:\Users\Dionis\Desktop\ASP.NET\BuyWebPage\wwwroot\ClientApp\out-tsc\app\app.module.js
C:\Users\Dionis\Desktop\ASP.NET\BuyWebPage\wwwroot\ClientApp\out-tsc\app\app.module.js.map
C:\Users\Dionis\Desktop\ASP.NET\BuyWebPage\wwwroot\ClientApp\out-tsc\environments\environment.js
C:\Users\Dionis\Desktop\ASP.NET\BuyWebPage\wwwroot\ClientApp\out-tsc\environments\environment.js.map
C:\Users\Dionis\Desktop\ASP.NET\BuyWebPage\wwwroot\ClientApp\out-tsc\main.js
C:\Users\Dionis\Desktop\ASP.NET\BuyWebPage\wwwroot\ClientApp\out-tsc\main.js.map
C:\Users\Dionis\Desktop\ASP.NET\BuyWebPage\wwwroot\ClientApp\out-tsc\polyfills.js
C:\Users\Dionis\Desktop\ASP.NET\BuyWebPage\wwwroot\ClientApp\out-tsc\polyfills.js.map
C:\Users\Dionis\Desktop\ASP.NET\BuyWebPage\wwwroot\ClientApp\out-tsc\environments\environment.prod.js
C:\Users\Dionis\Desktop\ASP.NET\BuyWebPage\wwwroot\ClientApp\out-tsc\environments\environment.prod.js.map
C:\Users\Dionis\Desktop\ASP.NET\BuyWebPage\wwwroot\ClientApp\out-tsc\app\app.component.js
C:\Users\Dionis\Desktop\ASP.NET\BuyWebPage\wwwroot\ClientApp\out-tsc\app\app.component.js.map
C:\Users\Dionis\Desktop\ASP.NET\BuyWebPage\wwwroot\ClientApp\out-tsc\app\Shared\products.js
C:\Users\Dionis\Desktop\ASP.NET\BuyWebPage\wwwroot\ClientApp\out-tsc\app\Shared\products.js.map
C:\Users\Dionis\Desktop\ASP.NET\BuyWebPage\wwwroot\ClientApp\out-tsc\app\Shared\Orders.js
C:\Users\Dionis\Desktop\ASP.NET\BuyWebPage\wwwroot\ClientApp\out-tsc\app\Shared\Orders.js.map
C:\Users\Dionis\Desktop\ASP.NET\BuyWebPage\wwwroot\ClientApp\out-tsc\app\Shared\DataService.js
C:\Users\Dionis\Desktop\ASP.NET\BuyWebPage\wwwroot\ClientApp\out-tsc\app\Shared\DataService.js.map
C:\Users\Dionis\Desktop\ASP.NET\BuyWebPage\wwwroot\ClientApp\out-tsc\app\Shop\Products.Component.js
C:\Users\Dionis\Desktop\ASP.NET\BuyWebPage\wwwroot\ClientApp\out-tsc\app\Shop\Products.Component.js.map
C:\Users\Dionis\Desktop\ASP.NET\BuyWebPage\wwwroot\ClientApp\out-tsc\app\SearchProducts\SearchProductComponent.js
C:\Users\Dionis\Desktop\ASP.NET\BuyWebPage\wwwroot\ClientApp\out-tsc\app\SearchProducts\SearchProductComponent.js.map
C:\Users\Dionis\Desktop\ASP.NET\BuyWebPage\wwwroot\ClientApp\out-tsc\app\Cart\Cart.Component.js
C:\Users\Dionis\Desktop\ASP.NET\BuyWebPage\wwwroot\ClientApp\out-tsc\app\Cart\Cart.Component.js.map
C:\Users\Dionis\Desktop\ASP.NET\BuyWebPage\wwwroot\ClientApp\out-tsc\app\checkout.component.js
C:\Users\Dionis\Desktop\ASP.NET\BuyWebPage\wwwroot\ClientApp\out-tsc\app\checkout.component.js.map
C:\Users\Dionis\Desktop\ASP.NET\BuyWebPage\wwwroot\ClientApp\out-tsc\app\Shop.Component.js
C:\Users\Dionis\Desktop\ASP.NET\BuyWebPage\wwwroot\ClientApp\out-tsc\app\Shop.Component.js.map
C:\Users\Dionis\Desktop\ASP.NET\BuyWebPage\wwwroot\ClientApp\out-tsc\app\Login\Login.Component.js
C:\Users\Dionis\Desktop\ASP.NET\BuyWebPage\wwwroot\ClientApp\out-tsc\app\Login\Login.Component.js.map
C:\Users\Dionis\Desktop\ASP.NET\BuyWebPage\wwwroot\ClientApp\out-tsc\app\app.module.js
C:\Users\Dionis\Desktop\ASP.NET\BuyWebPage\wwwroot\ClientApp\out-tsc\app\app.module.js.map
C:\Users\Dionis\Desktop\ASP.NET\BuyWebPage\wwwroot\ClientApp\out-tsc\environments\environment.js
C:\Users\Dionis\Desktop\ASP.NET\BuyWebPage\wwwroot\ClientApp\out-tsc\environments\environment.js.map
C:\Users\Dionis\Desktop\ASP.NET\BuyWebPage\wwwroot\ClientApp\out-tsc\main.js
C:\Users\Dionis\Desktop\ASP.NET\BuyWebPage\wwwroot\ClientApp\out-tsc\main.js.map
C:\Users\Dionis\Desktop\ASP.NET\BuyWebPage\wwwroot\ClientApp\out-tsc\polyfills.js
C:\Users\Dionis\Desktop\ASP.NET\BuyWebPage\wwwroot\ClientApp\out-tsc\polyfills.js.map
C:\Users\Dionis\Desktop\ASP.NET\BuyWebPage\wwwroot\ClientApp\out-tsc\environments\environment.prod.js
C:\Users\Dionis\Desktop\ASP.NET\BuyWebPage\wwwroot\ClientApp\out-tsc\environments\environment.prod.js.map
C:\Users\Dionis\Desktop\ASP.NET\BuyWebPage\wwwroot\ClientApp\out-tsc\app\app.component.js
C:\Users\Dionis\Desktop\ASP.NET\BuyWebPage\wwwroot\ClientApp\out-tsc\app\app.component.js.map
C:\Users\Dionis\Desktop\ASP.NET\BuyWebPage\wwwroot\ClientApp\out-tsc\app\Shared\products.js
C:\Users\Dionis\Desktop\ASP.NET\BuyWebPage\wwwroot\ClientApp\out-tsc\app\Shared\products.js.map
C:\Users\Dionis\Desktop\ASP.NET\BuyWebPage\wwwroot\ClientApp\out-tsc\app\Shared\Orders.js
C:\Users\Dionis\Desktop\ASP.NET\BuyWebPage\wwwroot\ClientApp\out-tsc\app\Shared\Orders.js.map
C:\Users\Dionis\Desktop\ASP.NET\BuyWebPage\wwwroot\ClientApp\out-tsc\app\Shared\DataService.js
C:\Users\Dionis\Desktop\ASP.NET\BuyWebPage\wwwroot\ClientApp\out-tsc\app\Shared\DataService.js.map
C:\Users\Dionis\Desktop\ASP.NET\BuyWebPage\wwwroot\ClientApp\out-tsc\app\Shop\Products.Component.js
C:\Users\Dionis\Desktop\ASP.NET\BuyWebPage\wwwroot\ClientApp\out-tsc\app\Shop\Products.Component.js.map
C:\Users\Dionis\Desktop\ASP.NET\BuyWebPage\wwwroot\ClientApp\out-tsc\app\SearchProducts\SearchProductComponent.js
C:\Users\Dionis\Desktop\ASP.NET\BuyWebPage\wwwroot\ClientApp\out-tsc\app\SearchProducts\SearchProductComponent.js.map
C:\Users\Dionis\Desktop\ASP.NET\BuyWebPage\wwwroot\ClientApp\out-tsc\app\Cart\Cart.Component.js
C:\Users\Dionis\Desktop\ASP.NET\BuyWebPage\wwwroot\ClientApp\out-tsc\app\Cart\Cart.Component.js.map
C:\Users\Dionis\Desktop\ASP.NET\BuyWebPage\wwwroot\ClientApp\out-tsc\app\checkout.component.js
C:\Users\Dionis\Desktop\ASP.NET\BuyWebPage\wwwroot\ClientApp\out-tsc\app\checkout.component.js.map
C:\Users\Dionis\Desktop\ASP.NET\BuyWebPage\wwwroot\ClientApp\out-tsc\app\Shop.Component.js
C:\Users\Dionis\Desktop\ASP.NET\BuyWebPage\wwwroot\ClientApp\out-tsc\app\Shop.Component.js.map
C:\Users\Dionis\Desktop\ASP.NET\BuyWebPage\wwwroot\ClientApp\out-tsc\app\Login\Login.Component.js
C:\Users\Dionis\Desktop\ASP.NET\BuyWebPage\wwwroot\ClientApp\out-tsc\app\Login\Login.Component.js.map
C:\Users\Dionis\Desktop\ASP.NET\BuyWebPage\wwwroot\ClientApp\out-tsc\app\app.module.js
C:\Users\Dionis\Desktop\ASP.NET\BuyWebPage\wwwroot\ClientApp\out-tsc\app\app.module.js.map
C:\Users\Dionis\Desktop\ASP.NET\BuyWebPage\wwwroot\ClientApp\out-tsc\environments\environment.js
C:\Users\Dionis\Desktop\ASP.NET\BuyWebPage\wwwroot\ClientApp\out-tsc\environments\environment.js.map
C:\Users\Dionis\Desktop\ASP.NET\BuyWebPage\wwwroot\ClientApp\out-tsc\main.js
C:\Users\Dionis\Desktop\ASP.NET\BuyWebPage\wwwroot\ClientApp\out-tsc\main.js.map
C:\Users\Dionis\Desktop\ASP.NET\BuyWebPage\wwwroot\ClientApp\out-tsc\polyfills.js
C:\Users\Dionis\Desktop\ASP.NET\BuyWebPage\wwwroot\ClientApp\out-tsc\polyfills.js.map
C:\Users\Dionis\Desktop\ASP.NET\BuyWebPage\wwwroot\ClientApp\out-tsc\environments\environment.prod.js
C:\Users\Dionis\Desktop\ASP.NET\BuyWebPage\wwwroot\ClientApp\out-tsc\environments\environment.prod.js.map
C:\Users\Dionis\Desktop\ASP.NET\BuyWebPage\wwwroot\ClientApp\out-tsc\app\app.component.js
C:\Users\Dionis\Desktop\ASP.NET\BuyWebPage\wwwroot\ClientApp\out-tsc\app\app.component.js.map
C:\Users\Dionis\Desktop\ASP.NET\BuyWebPage\wwwroot\ClientApp\out-tsc\app\Shared\products.js
C:\Users\Dionis\Desktop\ASP.NET\BuyWebPage\wwwroot\ClientApp\out-tsc\app\Shared\products.js.map
C:\Users\Dionis\Desktop\ASP.NET\BuyWebPage\wwwroot\ClientApp\out-tsc\app\Shared\Orders.js
C:\Users\Dionis\Desktop\ASP.NET\BuyWebPage\wwwroot\ClientApp\out-tsc\app\Shared\Orders.js.map
C:\Users\Dionis\Desktop\ASP.NET\BuyWebPage\wwwroot\ClientApp\out-tsc\app\Shared\DataService.js
C:\Users\Dionis\Desktop\ASP.NET\BuyWebPage\wwwroot\ClientApp\out-tsc\app\Shared\DataService.js.map
C:\Users\Dionis\Desktop\ASP.NET\BuyWebPage\wwwroot\ClientApp\out-tsc\app\Shop\Products.Component.js
C:\Users\Dionis\Desktop\ASP.NET\BuyWebPage\wwwroot\ClientApp\out-tsc\app\Shop\Products.Component.js.map
C:\Users\Dionis\Desktop\ASP.NET\BuyWebPage\wwwroot\ClientApp\out-tsc\app\SearchProducts\SearchProductComponent.js
C:\Users\Dionis\Desktop\ASP.NET\BuyWebPage\wwwroot\ClientApp\out-tsc\app\SearchProducts\SearchProductComponent.js.map
C:\Users\Dionis\Desktop\ASP.NET\BuyWebPage\wwwroot\ClientApp\out-tsc\app\Cart\Cart.Component.js
C:\Users\Dionis\Desktop\ASP.NET\BuyWebPage\wwwroot\ClientApp\out-tsc\app\Cart\Cart.Component.js.map
C:\Users\Dionis\Desktop\ASP.NET\BuyWebPage\wwwroot\ClientApp\out-tsc\app\checkout.component.js
C:\Users\Dionis\Desktop\ASP.NET\BuyWebPage\wwwroot\ClientApp\out-tsc\app\checkout.component.js.map
C:\Users\Dionis\Desktop\ASP.NET\BuyWebPage\wwwroot\ClientApp\out-tsc\app\Shop.Component.js
C:\Users\Dionis\Desktop\ASP.NET\BuyWebPage\wwwroot\ClientApp\out-tsc\app\Shop.Component.js.map
C:\Users\Dionis\Desktop\ASP.NET\BuyWebPage\wwwroot\ClientApp\out-tsc\app\Login\Login.Component.js
C:\Users\Dionis\Desktop\ASP.NET\BuyWebPage\wwwroot\ClientApp\out-tsc\app\Login\Login.Component.js.map
C:\Users\Dionis\Desktop\ASP.NET\BuyWebPage\wwwroot\ClientApp\out-tsc\app\app.module.js
C:\Users\Dionis\Desktop\ASP.NET\BuyWebPage\wwwroot\ClientApp\out-tsc\app\app.module.js.map
C:\Users\Dionis\Desktop\ASP.NET\BuyWebPage\wwwroot\ClientApp\out-tsc\environments\environment.js
C:\Users\Dionis\Desktop\ASP.NET\BuyWebPage\wwwroot\ClientApp\out-tsc\environments\environment.js.map
C:\Users\Dionis\Desktop\ASP.NET\BuyWebPage\wwwroot\ClientApp\out-tsc\main.js
C:\Users\Dionis\Desktop\ASP.NET\BuyWebPage\wwwroot\ClientApp\out-tsc\main.js.map
C:\Users\Dionis\Desktop\ASP.NET\BuyWebPage\wwwroot\ClientApp\out-tsc\polyfills.js
C:\Users\Dionis\Desktop\ASP.NET\BuyWebPage\wwwroot\ClientApp\out-tsc\polyfills.js.map
C:\Users\Dionis\Desktop\ASP.NET\BuyWebPage\wwwroot\ClientApp\out-tsc\environments\environment.prod.js
C:\Users\Dionis\Desktop\ASP.NET\BuyWebPage\wwwroot\ClientApp\out-tsc\environments\environment.prod.js.map
C:\Users\Dionis\Desktop\ASP.NET\BuyWebPage\wwwroot\ClientApp\out-tsc\app\app.component.js
C:\Users\Dionis\Desktop\ASP.NET\BuyWebPage\wwwroot\ClientApp\out-tsc\app\app.component.js.map
C:\Users\Dionis\Desktop\ASP.NET\BuyWebPage\wwwroot\ClientApp\out-tsc\app\Shared\products.js
C:\Users\Dionis\Desktop\ASP.NET\BuyWebPage\wwwroot\ClientApp\out-tsc\app\Shared\products.js.map
C:\Users\Dionis\Desktop\ASP.NET\BuyWebPage\wwwroot\ClientApp\out-tsc\app\Shared\Orders.js
C:\Users\Dionis\Desktop\ASP.NET\BuyWebPage\wwwroot\ClientApp\out-tsc\app\Shared\Orders.js.map
C:\Users\Dionis\Desktop\ASP.NET\BuyWebPage\wwwroot\ClientApp\out-tsc\app\Shared\DataService.js
C:\Users\Dionis\Desktop\ASP.NET\BuyWebPage\wwwroot\ClientApp\out-tsc\app\Shared\DataService.js.map
C:\Users\Dionis\Desktop\ASP.NET\BuyWebPage\wwwroot\ClientApp\out-tsc\app\Shop\Products.Component.js
C:\Users\Dionis\Desktop\ASP.NET\BuyWebPage\wwwroot\ClientApp\out-tsc\app\Shop\Products.Component.js.map
C:\Users\Dionis\Desktop\ASP.NET\BuyWebPage\wwwroot\ClientApp\out-tsc\app\SearchProducts\SearchProductComponent.js
C:\Users\Dionis\Desktop\ASP.NET\BuyWebPage\wwwroot\ClientApp\out-tsc\app\SearchProducts\SearchProductComponent.js.map
C:\Users\Dionis\Desktop\ASP.NET\BuyWebPage\wwwroot\ClientApp\out-tsc\app\Cart\Cart.Component.js
C:\Users\Dionis\Desktop\ASP.NET\BuyWebPage\wwwroot\ClientApp\out-tsc\app\Cart\Cart.Component.js.map
C:\Users\Dionis\Desktop\ASP.NET\BuyWebPage\wwwroot\ClientApp\out-tsc\app\checkout.component.js
C:\Users\Dionis\Desktop\ASP.NET\BuyWebPage\wwwroot\ClientApp\out-tsc\app\checkout.component.js.map
C:\Users\Dionis\Desktop\ASP.NET\BuyWebPage\wwwroot\ClientApp\out-tsc\app\Shop.Component.js
C:\Users\Dionis\Desktop\ASP.NET\BuyWebPage\wwwroot\ClientApp\out-tsc\app\Shop.Component.js.map
C:\Users\Dionis\Desktop\ASP.NET\BuyWebPage\wwwroot\ClientApp\out-tsc\app\Login\Login.Component.js
C:\Users\Dionis\Desktop\ASP.NET\BuyWebPage\wwwroot\ClientApp\out-tsc\app\Login\Login.Component.js.map
C:\Users\Dionis\Desktop\ASP.NET\BuyWebPage\wwwroot\ClientApp\out-tsc\app\app.module.js
C:\Users\Dionis\Desktop\ASP.NET\BuyWebPage\wwwroot\ClientApp\out-tsc\app\app.module.js.map
C:\Users\Dionis\Desktop\ASP.NET\BuyWebPage\wwwroot\ClientApp\out-tsc\environments\environment.js
C:\Users\Dionis\Desktop\ASP.NET\BuyWebPage\wwwroot\ClientApp\out-tsc\environments\environment.js.map
C:\Users\Dionis\Desktop\ASP.NET\BuyWebPage\wwwroot\ClientApp\out-tsc\main.js
C:\Users\Dionis\Desktop\ASP.NET\BuyWebPage\wwwroot\ClientApp\out-tsc\main.js.map
C:\Users\Dionis\Desktop\ASP.NET\BuyWebPage\wwwroot\ClientApp\out-tsc\polyfills.js
C:\Users\Dionis\Desktop\ASP.NET\BuyWebPage\wwwroot\ClientApp\out-tsc\polyfills.js.map
C:\Users\Dionis\Desktop\ASP.NET\BuyWebPage\wwwroot\ClientApp\out-tsc\environments\environment.prod.js
C:\Users\Dionis\Desktop\ASP.NET\BuyWebPage\wwwroot\ClientApp\out-tsc\environments\environment.prod.js.map
C:\Users\Dionis\Desktop\ASP.NET\BuyWebPage\wwwroot\ClientApp\out-tsc\app\app.component.js
C:\Users\Dionis\Desktop\ASP.NET\BuyWebPage\wwwroot\ClientApp\out-tsc\app\app.component.js.map
C:\Users\Dionis\Desktop\ASP.NET\BuyWebPage\wwwroot\ClientApp\out-tsc\app\Shared\products.js
C:\Users\Dionis\Desktop\ASP.NET\BuyWebPage\wwwroot\ClientApp\out-tsc\app\Shared\products.js.map
C:\Users\Dionis\Desktop\ASP.NET\BuyWebPage\wwwroot\ClientApp\out-tsc\app\Shared\Orders.js
C:\Users\Dionis\Desktop\ASP.NET\BuyWebPage\wwwroot\ClientApp\out-tsc\app\Shared\Orders.js.map
C:\Users\Dionis\Desktop\ASP.NET\BuyWebPage\wwwroot\ClientApp\out-tsc\app\Shared\DataService.js
C:\Users\Dionis\Desktop\ASP.NET\BuyWebPage\wwwroot\ClientApp\out-tsc\app\Shared\DataService.js.map
C:\Users\Dionis\Desktop\ASP.NET\BuyWebPage\wwwroot\ClientApp\out-tsc\app\Shop\Products.Component.js
C:\Users\Dionis\Desktop\ASP.NET\BuyWebPage\wwwroot\ClientApp\out-tsc\app\Shop\Products.Component.js.map
C:\Users\Dionis\Desktop\ASP.NET\BuyWebPage\wwwroot\ClientApp\out-tsc\app\SearchProducts\SearchProductComponent.js
C:\Users\Dionis\Desktop\ASP.NET\BuyWebPage\wwwroot\ClientApp\out-tsc\app\SearchProducts\SearchProductComponent.js.map
C:\Users\Dionis\Desktop\ASP.NET\BuyWebPage\wwwroot\ClientApp\out-tsc\app\Cart\Cart.Component.js
C:\Users\Dionis\Desktop\ASP.NET\BuyWebPage\wwwroot\ClientApp\out-tsc\app\Cart\Cart.Component.js.map
C:\Users\Dionis\Desktop\ASP.NET\BuyWebPage\wwwroot\ClientApp\out-tsc\app\checkout.component.js
C:\Users\Dionis\Desktop\ASP.NET\BuyWebPage\wwwroot\ClientApp\out-tsc\app\checkout.component.js.map
C:\Users\Dionis\Desktop\ASP.NET\BuyWebPage\wwwroot\ClientApp\out-tsc\app\Shop.Component.js
C:\Users\Dionis\Desktop\ASP.NET\BuyWebPage\wwwroot\ClientApp\out-tsc\app\Shop.Component.js.map
C:\Users\Dionis\Desktop\ASP.NET\BuyWebPage\wwwroot\ClientApp\out-tsc\app\Login\Login.Component.js
C:\Users\Dionis\Desktop\ASP.NET\BuyWebPage\wwwroot\ClientApp\out-tsc\app\Login\Login.Component.js.map
C:\Users\Dionis\Desktop\ASP.NET\BuyWebPage\wwwroot\ClientApp\out-tsc\app\app.module.js
C:\Users\Dionis\Desktop\ASP.NET\BuyWebPage\wwwroot\ClientApp\out-tsc\app\app.module.js.map
C:\Users\Dionis\Desktop\ASP.NET\BuyWebPage\wwwroot\ClientApp\out-tsc\environments\environment.js
C:\Users\Dionis\Desktop\ASP.NET\BuyWebPage\wwwroot\ClientApp\out-tsc\environments\environment.js.map
C:\Users\Dionis\Desktop\ASP.NET\BuyWebPage\wwwroot\ClientApp\out-tsc\main.js
C:\Users\Dionis\Desktop\ASP.NET\BuyWebPage\wwwroot\ClientApp\out-tsc\main.js.map
C:\Users\Dionis\Desktop\ASP.NET\BuyWebPage\wwwroot\ClientApp\out-tsc\polyfills.js
C:\Users\Dionis\Desktop\ASP.NET\BuyWebPage\wwwroot\ClientApp\out-tsc\polyfills.js.map
C:\Users\Dionis\Desktop\ASP.NET\BuyWebPage\wwwroot\ClientApp\out-tsc\environments\environment.prod.js
C:\Users\Dionis\Desktop\ASP.NET\BuyWebPage\wwwroot\ClientApp\out-tsc\environments\environment.prod.js.map
C:\Users\Dionis\Desktop\ASP.NET\BuyWebPage\wwwroot\ClientApp\out-tsc\app\app.component.js
C:\Users\Dionis\Desktop\ASP.NET\BuyWebPage\wwwroot\ClientApp\out-tsc\app\app.component.js.map
C:\Users\Dionis\Desktop\ASP.NET\BuyWebPage\wwwroot\ClientApp\out-tsc\app\Shared\products.js
C:\Users\Dionis\Desktop\ASP.NET\BuyWebPage\wwwroot\ClientApp\out-tsc\app\Shared\products.js.map
C:\Users\Dionis\Desktop\ASP.NET\BuyWebPage\wwwroot\ClientApp\out-tsc\app\Shared\Orders.js
C:\Users\Dionis\Desktop\ASP.NET\BuyWebPage\wwwroot\ClientApp\out-tsc\app\Shared\Orders.js.map
C:\Users\Dionis\Desktop\ASP.NET\BuyWebPage\wwwroot\ClientApp\out-tsc\app\Shared\DataService.js
C:\Users\Dionis\Desktop\ASP.NET\BuyWebPage\wwwroot\ClientApp\out-tsc\app\Shared\DataService.js.map
C:\Users\Dionis\Desktop\ASP.NET\BuyWebPage\wwwroot\ClientApp\out-tsc\app\Shop\Products.Component.js
C:\Users\Dionis\Desktop\ASP.NET\BuyWebPage\wwwroot\ClientApp\out-tsc\app\Shop\Products.Component.js.map
C:\Users\Dionis\Desktop\ASP.NET\BuyWebPage\wwwroot\ClientApp\out-tsc\app\SearchProducts\SearchProductComponent.js
C:\Users\Dionis\Desktop\ASP.NET\BuyWebPage\wwwroot\ClientApp\out-tsc\app\SearchProducts\SearchProductComponent.js.map
C:\Users\Dionis\Desktop\ASP.NET\BuyWebPage\wwwroot\ClientApp\out-tsc\app\Cart\Cart.Component.js
C:\Users\Dionis\Desktop\ASP.NET\BuyWebPage\wwwroot\ClientApp\out-tsc\app\Cart\Cart.Component.js.map
C:\Users\Dionis\Desktop\ASP.NET\BuyWebPage\wwwroot\ClientApp\out-tsc\app\checkout.component.js
C:\Users\Dionis\Desktop\ASP.NET\BuyWebPage\wwwroot\ClientApp\out-tsc\app\checkout.component.js.map
C:\Users\Dionis\Desktop\ASP.NET\BuyWebPage\wwwroot\ClientApp\out-tsc\app\Shop.Component.js
C:\Users\Dionis\Desktop\ASP.NET\BuyWebPage\wwwroot\ClientApp\out-tsc\app\Shop.Component.js.map
C:\Users\Dionis\Desktop\ASP.NET\BuyWebPage\wwwroot\ClientApp\out-tsc\app\Login\Login.Component.js
C:\Users\Dionis\Desktop\ASP.NET\BuyWebPage\wwwroot\ClientApp\out-tsc\app\Login\Login.Component.js.map
C:\Users\Dionis\Desktop\ASP.NET\BuyWebPage\wwwroot\ClientApp\out-tsc\app\app.module.js
C:\Users\Dionis\Desktop\ASP.NET\BuyWebPage\wwwroot\ClientApp\out-tsc\app\app.module.js.map
C:\Users\Dionis\Desktop\ASP.NET\BuyWebPage\wwwroot\ClientApp\out-tsc\environments\environment.js
C:\Users\Dionis\Desktop\ASP.NET\BuyWebPage\wwwroot\ClientApp\out-tsc\environments\environment.js.map
C:\Users\Dionis\Desktop\ASP.NET\BuyWebPage\wwwroot\ClientApp\out-tsc\main.js
C:\Users\Dionis\Desktop\ASP.NET\BuyWebPage\wwwroot\ClientApp\out-tsc\main.js.map
C:\Users\Dionis\Desktop\ASP.NET\BuyWebPage\wwwroot\ClientApp\out-tsc\polyfills.js
C:\Users\Dionis\Desktop\ASP.NET\BuyWebPage\wwwroot\ClientApp\out-tsc\polyfills.js.map
C:\Users\Dionis\Desktop\ASP.NET\BuyWebPage\wwwroot\ClientApp\out-tsc\environments\environment.prod.js
C:\Users\Dionis\Desktop\ASP.NET\BuyWebPage\wwwroot\ClientApp\out-tsc\environments\environment.prod.js.map
C:\Users\Dionis\Desktop\ASP.NET\BuyWebPage\wwwroot\ClientApp\out-tsc\app\app.component.js
C:\Users\Dionis\Desktop\ASP.NET\BuyWebPage\wwwroot\ClientApp\out-tsc\app\app.component.js.map
C:\Users\Dionis\Desktop\ASP.NET\BuyWebPage\wwwroot\ClientApp\out-tsc\app\Shared\products.js
C:\Users\Dionis\Desktop\ASP.NET\BuyWebPage\wwwroot\ClientApp\out-tsc\app\Shared\products.js.map
C:\Users\Dionis\Desktop\ASP.NET\BuyWebPage\wwwroot\ClientApp\out-tsc\app\Shared\Orders.js
C:\Users\Dionis\Desktop\ASP.NET\BuyWebPage\wwwroot\ClientApp\out-tsc\app\Shared\Orders.js.map
C:\Users\Dionis\Desktop\ASP.NET\BuyWebPage\wwwroot\ClientApp\out-tsc\app\Shared\DataService.js
C:\Users\Dionis\Desktop\ASP.NET\BuyWebPage\wwwroot\ClientApp\out-tsc\app\Shared\DataService.js.map
C:\Users\Dionis\Desktop\ASP.NET\BuyWebPage\wwwroot\ClientApp\out-tsc\app\Shop\Products.Component.js
C:\Users\Dionis\Desktop\ASP.NET\BuyWebPage\wwwroot\ClientApp\out-tsc\app\Shop\Products.Component.js.map
C:\Users\Dionis\Desktop\ASP.NET\BuyWebPage\wwwroot\ClientApp\out-tsc\app\SearchProducts\SearchProductComponent.js
C:\Users\Dionis\Desktop\ASP.NET\BuyWebPage\wwwroot\ClientApp\out-tsc\app\SearchProducts\SearchProductComponent.js.map
C:\Users\Dionis\Desktop\ASP.NET\BuyWebPage\wwwroot\ClientApp\out-tsc\app\Cart\Cart.Component.js
C:\Users\Dionis\Desktop\ASP.NET\BuyWebPage\wwwroot\ClientApp\out-tsc\app\Cart\Cart.Component.js.map
C:\Users\Dionis\Desktop\ASP.NET\BuyWebPage\wwwroot\ClientApp\out-tsc\app\checkout.component.js
C:\Users\Dionis\Desktop\ASP.NET\BuyWebPage\wwwroot\ClientApp\out-tsc\app\checkout.component.js.map
C:\Users\Dionis\Desktop\ASP.NET\BuyWebPage\wwwroot\ClientApp\out-tsc\app\Shop.Component.js
C:\Users\Dionis\Desktop\ASP.NET\BuyWebPage\wwwroot\ClientApp\out-tsc\app\Shop.Component.js.map
C:\Users\Dionis\Desktop\ASP.NET\BuyWebPage\wwwroot\ClientApp\out-tsc\app\Login\Login.Component.js
C:\Users\Dionis\Desktop\ASP.NET\BuyWebPage\wwwroot\ClientApp\out-tsc\app\Login\Login.Component.js.map
C:\Users\Dionis\Desktop\ASP.NET\BuyWebPage\wwwroot\ClientApp\out-tsc\app\app.module.js
C:\Users\Dionis\Desktop\ASP.NET\BuyWebPage\wwwroot\ClientApp\out-tsc\app\app.module.js.map
C:\Users\Dionis\Desktop\ASP.NET\BuyWebPage\wwwroot\ClientApp\out-tsc\environments\environment.js
C:\Users\Dionis\Desktop\ASP.NET\BuyWebPage\wwwroot\ClientApp\out-tsc\environments\environment.js.map
C:\Users\Dionis\Desktop\ASP.NET\BuyWebPage\wwwroot\ClientApp\out-tsc\main.js
C:\Users\Dionis\Desktop\ASP.NET\BuyWebPage\wwwroot\ClientApp\out-tsc\main.js.map
C:\Users\Dionis\Desktop\ASP.NET\BuyWebPage\wwwroot\ClientApp\out-tsc\polyfills.js
C:\Users\Dionis\Desktop\ASP.NET\BuyWebPage\wwwroot\ClientApp\out-tsc\polyfills.js.map
C:\Users\Dionis\Desktop\ASP.NET\BuyWebPage\wwwroot\ClientApp\out-tsc\environments\environment.prod.js
C:\Users\Dionis\Desktop\ASP.NET\BuyWebPage\wwwroot\ClientApp\out-tsc\environments\environment.prod.js.map
C:\Users\Dionis\Desktop\ASP.NET\BuyWebPage\wwwroot\ClientApp\out-tsc\app\app.component.js
C:\Users\Dionis\Desktop\ASP.NET\BuyWebPage\wwwroot\ClientApp\out-tsc\app\app.component.js.map
C:\Users\Dionis\Desktop\ASP.NET\BuyWebPage\wwwroot\ClientApp\out-tsc\app\Shared\products.js
C:\Users\Dionis\Desktop\ASP.NET\BuyWebPage\wwwroot\ClientApp\out-tsc\app\Shared\products.js.map
C:\Users\Dionis\Desktop\ASP.NET\BuyWebPage\wwwroot\ClientApp\out-tsc\app\Shared\Orders.js
C:\Users\Dionis\Desktop\ASP.NET\BuyWebPage\wwwroot\ClientApp\out-tsc\app\Shared\Orders.js.map
C:\Users\Dionis\Desktop\ASP.NET\BuyWebPage\wwwroot\ClientApp\out-tsc\app\Shared\DataService.js
C:\Users\Dionis\Desktop\ASP.NET\BuyWebPage\wwwroot\ClientApp\out-tsc\app\Shared\DataService.js.map
C:\Users\Dionis\Desktop\ASP.NET\BuyWebPage\wwwroot\ClientApp\out-tsc\app\Shop\Products.Component.js
C:\Users\Dionis\Desktop\ASP.NET\BuyWebPage\wwwroot\ClientApp\out-tsc\app\Shop\Products.Component.js.map
C:\Users\Dionis\Desktop\ASP.NET\BuyWebPage\wwwroot\ClientApp\out-tsc\app\SearchProducts\SearchProductComponent.js
C:\Users\Dionis\Desktop\ASP.NET\BuyWebPage\wwwroot\ClientApp\out-tsc\app\SearchProducts\SearchProductComponent.js.map
C:\Users\Dionis\Desktop\ASP.NET\BuyWebPage\wwwroot\ClientApp\out-tsc\app\Cart\Cart.Component.js
C:\Users\Dionis\Desktop\ASP.NET\BuyWebPage\wwwroot\ClientApp\out-tsc\app\Cart\Cart.Component.js.map
C:\Users\Dionis\Desktop\ASP.NET\BuyWebPage\wwwroot\ClientApp\out-tsc\app\checkout.component.js
C:\Users\Dionis\Desktop\ASP.NET\BuyWebPage\wwwroot\ClientApp\out-tsc\app\checkout.component.js.map
C:\Users\Dionis\Desktop\ASP.NET\BuyWebPage\wwwroot\ClientApp\out-tsc\app\Shop.Component.js
C:\Users\Dionis\Desktop\ASP.NET\BuyWebPage\wwwroot\ClientApp\out-tsc\app\Shop.Component.js.map
C:\Users\Dionis\Desktop\ASP.NET\BuyWebPage\wwwroot\ClientApp\out-tsc\app\Login\Login.Component.js
C:\Users\Dionis\Desktop\ASP.NET\BuyWebPage\wwwroot\ClientApp\out-tsc\app\Login\Login.Component.js.map
C:\Users\Dionis\Desktop\ASP.NET\BuyWebPage\wwwroot\ClientApp\out-tsc\app\app.module.js
C:\Users\Dionis\Desktop\ASP.NET\BuyWebPage\wwwroot\ClientApp\out-tsc\app\app.module.js.map
C:\Users\Dionis\Desktop\ASP.NET\BuyWebPage\wwwroot\ClientApp\out-tsc\environments\environment.js
C:\Users\Dionis\Desktop\ASP.NET\BuyWebPage\wwwroot\ClientApp\out-tsc\environments\environment.js.map
C:\Users\Dionis\Desktop\ASP.NET\BuyWebPage\wwwroot\ClientApp\out-tsc\main.js
C:\Users\Dionis\Desktop\ASP.NET\BuyWebPage\wwwroot\ClientApp\out-tsc\main.js.map
C:\Users\Dionis\Desktop\ASP.NET\BuyWebPage\wwwroot\ClientApp\out-tsc\polyfills.js
C:\Users\Dionis\Desktop\ASP.NET\BuyWebPage\wwwroot\ClientApp\out-tsc\polyfills.js.map
C:\Users\Dionis\Desktop\ASP.NET\BuyWebPage\wwwroot\ClientApp\out-tsc\environments\environment.prod.js
C:\Users\Dionis\Desktop\ASP.NET\BuyWebPage\wwwroot\ClientApp\out-tsc\environments\environment.prod.js.map
C:\Users\Dionis\Desktop\ASP.NET\BuyWebPage\wwwroot\ClientApp\out-tsc\app\app.component.js
C:\Users\Dionis\Desktop\ASP.NET\BuyWebPage\wwwroot\ClientApp\out-tsc\app\app.component.js.map
C:\Users\Dionis\Desktop\ASP.NET\BuyWebPage\wwwroot\ClientApp\out-tsc\app\Shared\products.js
C:\Users\Dionis\Desktop\ASP.NET\BuyWebPage\wwwroot\ClientApp\out-tsc\app\Shared\products.js.map
C:\Users\Dionis\Desktop\ASP.NET\BuyWebPage\wwwroot\ClientApp\out-tsc\app\Shared\Orders.js
C:\Users\Dionis\Desktop\ASP.NET\BuyWebPage\wwwroot\ClientApp\out-tsc\app\Shared\Orders.js.map
C:\Users\Dionis\Desktop\ASP.NET\BuyWebPage\wwwroot\ClientApp\out-tsc\app\Shared\DataService.js
C:\Users\Dionis\Desktop\ASP.NET\BuyWebPage\wwwroot\ClientApp\out-tsc\app\Shared\DataService.js.map
C:\Users\Dionis\Desktop\ASP.NET\BuyWebPage\wwwroot\ClientApp\out-tsc\app\Shop\Products.Component.js
C:\Users\Dionis\Desktop\ASP.NET\BuyWebPage\wwwroot\ClientApp\out-tsc\app\Shop\Products.Component.js.map
C:\Users\Dionis\Desktop\ASP.NET\BuyWebPage\wwwroot\ClientApp\out-tsc\app\SearchProducts\SearchProductComponent.js
C:\Users\Dionis\Desktop\ASP.NET\BuyWebPage\wwwroot\ClientApp\out-tsc\app\SearchProducts\SearchProductComponent.js.map
C:\Users\Dionis\Desktop\ASP.NET\BuyWebPage\wwwroot\ClientApp\out-tsc\app\Cart\Cart.Component.js
C:\Users\Dionis\Desktop\ASP.NET\BuyWebPage\wwwroot\ClientApp\out-tsc\app\Cart\Cart.Component.js.map
C:\Users\Dionis\Desktop\ASP.NET\BuyWebPage\wwwroot\ClientApp\out-tsc\app\checkout.component.js
C:\Users\Dionis\Desktop\ASP.NET\BuyWebPage\wwwroot\ClientApp\out-tsc\app\checkout.component.js.map
C:\Users\Dionis\Desktop\ASP.NET\BuyWebPage\wwwroot\ClientApp\out-tsc\app\Shop.Component.js
C:\Users\Dionis\Desktop\ASP.NET\BuyWebPage\wwwroot\ClientApp\out-tsc\app\Shop.Component.js.map
C:\Users\Dionis\Desktop\ASP.NET\BuyWebPage\wwwroot\ClientApp\out-tsc\app\Login\Login.Component.js
C:\Users\Dionis\Desktop\ASP.NET\BuyWebPage\wwwroot\ClientApp\out-tsc\app\Login\Login.Component.js.map
C:\Users\Dionis\Desktop\ASP.NET\BuyWebPage\wwwroot\ClientApp\out-tsc\app\app.module.js
C:\Users\Dionis\Desktop\ASP.NET\BuyWebPage\wwwroot\ClientApp\out-tsc\app\app.module.js.map
C:\Users\Dionis\Desktop\ASP.NET\BuyWebPage\wwwroot\ClientApp\out-tsc\environments\environment.js
C:\Users\Dionis\Desktop\ASP.NET\BuyWebPage\wwwroot\ClientApp\out-tsc\environments\environment.js.map
C:\Users\Dionis\Desktop\ASP.NET\BuyWebPage\wwwroot\ClientApp\out-tsc\main.js
C:\Users\Dionis\Desktop\ASP.NET\BuyWebPage\wwwroot\ClientApp\out-tsc\main.js.map
C:\Users\Dionis\Desktop\ASP.NET\BuyWebPage\wwwroot\ClientApp\out-tsc\polyfills.js
C:\Users\Dionis\Desktop\ASP.NET\BuyWebPage\wwwroot\ClientApp\out-tsc\polyfills.js.map
C:\Users\Dionis\Desktop\ASP.NET\BuyWebPage\wwwroot\ClientApp\out-tsc\environments\environment.prod.js
C:\Users\Dionis\Desktop\ASP.NET\BuyWebPage\wwwroot\ClientApp\out-tsc\environments\environment.prod.js.map
C:\Users\Dionis\Desktop\ASP.NET\BuyWebPage\wwwroot\ClientApp\out-tsc\app\app.component.js
C:\Users\Dionis\Desktop\ASP.NET\BuyWebPage\wwwroot\ClientApp\out-tsc\app\app.component.js.map
C:\Users\Dionis\Desktop\ASP.NET\BuyWebPage\wwwroot\ClientApp\out-tsc\app\Shared\products.js
C:\Users\Dionis\Desktop\ASP.NET\BuyWebPage\wwwroot\ClientApp\out-tsc\app\Shared\products.js.map
C:\Users\Dionis\Desktop\ASP.NET\BuyWebPage\wwwroot\ClientApp\out-tsc\app\Shared\Orders.js
C:\Users\Dionis\Desktop\ASP.NET\BuyWebPage\wwwroot\ClientApp\out-tsc\app\Shared\Orders.js.map
C:\Users\Dionis\Desktop\ASP.NET\BuyWebPage\wwwroot\ClientApp\out-tsc\app\Shared\DataService.js
C:\Users\Dionis\Desktop\ASP.NET\BuyWebPage\wwwroot\ClientApp\out-tsc\app\Shared\DataService.js.map
C:\Users\Dionis\Desktop\ASP.NET\BuyWebPage\wwwroot\ClientApp\out-tsc\app\Shop\Products.Component.js
C:\Users\Dionis\Desktop\ASP.NET\BuyWebPage\wwwroot\ClientApp\out-tsc\app\Shop\Products.Component.js.map
C:\Users\Dionis\Desktop\ASP.NET\BuyWebPage\wwwroot\ClientApp\out-tsc\app\SearchProducts\SearchProductComponent.js
C:\Users\Dionis\Desktop\ASP.NET\BuyWebPage\wwwroot\ClientApp\out-tsc\app\SearchProducts\SearchProductComponent.js.map
C:\Users\Dionis\Desktop\ASP.NET\BuyWebPage\wwwroot\ClientApp\out-tsc\app\Cart\Cart.Component.js
C:\Users\Dionis\Desktop\ASP.NET\BuyWebPage\wwwroot\ClientApp\out-tsc\app\Cart\Cart.Component.js.map
C:\Users\Dionis\Desktop\ASP.NET\BuyWebPage\wwwroot\ClientApp\out-tsc\app\checkout.component.js
C:\Users\Dionis\Desktop\ASP.NET\BuyWebPage\wwwroot\ClientApp\out-tsc\app\checkout.component.js.map
C:\Users\Dionis\Desktop\ASP.NET\BuyWebPage\wwwroot\ClientApp\out-tsc\app\Shop.Component.js
C:\Users\Dionis\Desktop\ASP.NET\BuyWebPage\wwwroot\ClientApp\out-tsc\app\Shop.Component.js.map
C:\Users\Dionis\Desktop\ASP.NET\BuyWebPage\wwwroot\ClientApp\out-tsc\app\Login\Login.Component.js
C:\Users\Dionis\Desktop\ASP.NET\BuyWebPage\wwwroot\ClientApp\out-tsc\app\Login\Login.Component.js.map
C:\Users\Dionis\Desktop\ASP.NET\BuyWebPage\wwwroot\ClientApp\out-tsc\app\app.module.js
C:\Users\Dionis\Desktop\ASP.NET\BuyWebPage\wwwroot\ClientApp\out-tsc\app\app.module.js.map
C:\Users\Dionis\Desktop\ASP.NET\BuyWebPage\wwwroot\ClientApp\out-tsc\environments\environment.js
C:\Users\Dionis\Desktop\ASP.NET\BuyWebPage\wwwroot\ClientApp\out-tsc\environments\environment.js.map
C:\Users\Dionis\Desktop\ASP.NET\BuyWebPage\wwwroot\ClientApp\out-tsc\main.js
C:\Users\Dionis\Desktop\ASP.NET\BuyWebPage\wwwroot\ClientApp\out-tsc\main.js.map
C:\Users\Dionis\Desktop\ASP.NET\BuyWebPage\wwwroot\ClientApp\out-tsc\polyfills.js
C:\Users\Dionis\Desktop\ASP.NET\BuyWebPage\wwwroot\ClientApp\out-tsc\polyfills.js.map
C:\Users\Dionis\Desktop\ASP.NET\BuyWebPage\wwwroot\ClientApp\out-tsc\environments\environment.prod.js
C:\Users\Dionis\Desktop\ASP.NET\BuyWebPage\wwwroot\ClientApp\out-tsc\environments\environment.prod.js.map
C:\Users\Dionis\Desktop\ASP.NET\BuyWebPage\wwwroot\ClientApp\out-tsc\app\app.component.js
C:\Users\Dionis\Desktop\ASP.NET\BuyWebPage\wwwroot\ClientApp\out-tsc\app\app.component.js.map
C:\Users\Dionis\Desktop\ASP.NET\BuyWebPage\wwwroot\ClientApp\out-tsc\app\Shared\products.js
C:\Users\Dionis\Desktop\ASP.NET\BuyWebPage\wwwroot\ClientApp\out-tsc\app\Shared\products.js.map
C:\Users\Dionis\Desktop\ASP.NET\BuyWebPage\wwwroot\ClientApp\out-tsc\app\Shared\Orders.js
C:\Users\Dionis\Desktop\ASP.NET\BuyWebPage\wwwroot\ClientApp\out-tsc\app\Shared\Orders.js.map
C:\Users\Dionis\Desktop\ASP.NET\BuyWebPage\wwwroot\ClientApp\out-tsc\app\Shared\DataService.js
C:\Users\Dionis\Desktop\ASP.NET\BuyWebPage\wwwroot\ClientApp\out-tsc\app\Shared\DataService.js.map
C:\Users\Dionis\Desktop\ASP.NET\BuyWebPage\wwwroot\ClientApp\out-tsc\app\Shop\Products.Component.js
C:\Users\Dionis\Desktop\ASP.NET\BuyWebPage\wwwroot\ClientApp\out-tsc\app\Shop\Products.Component.js.map
C:\Users\Dionis\Desktop\ASP.NET\BuyWebPage\wwwroot\ClientApp\out-tsc\app\SearchProducts\SearchProductComponent.js
C:\Users\Dionis\Desktop\ASP.NET\BuyWebPage\wwwroot\ClientApp\out-tsc\app\SearchProducts\SearchProductComponent.js.map
C:\Users\Dionis\Desktop\ASP.NET\BuyWebPage\wwwroot\ClientApp\out-tsc\app\Cart\Cart.Component.js
C:\Users\Dionis\Desktop\ASP.NET\BuyWebPage\wwwroot\ClientApp\out-tsc\app\Cart\Cart.Component.js.map
C:\Users\Dionis\Desktop\ASP.NET\BuyWebPage\wwwroot\ClientApp\out-tsc\app\checkout.component.js
C:\Users\Dionis\Desktop\ASP.NET\BuyWebPage\wwwroot\ClientApp\out-tsc\app\checkout.component.js.map
C:\Users\Dionis\Desktop\ASP.NET\BuyWebPage\wwwroot\ClientApp\out-tsc\app\Shop.Component.js
C:\Users\Dionis\Desktop\ASP.NET\BuyWebPage\wwwroot\ClientApp\out-tsc\app\Shop.Component.js.map
C:\Users\Dionis\Desktop\ASP.NET\BuyWebPage\wwwroot\ClientApp\out-tsc\app\Login\Login.Component.js
C:\Users\Dionis\Desktop\ASP.NET\BuyWebPage\wwwroot\ClientApp\out-tsc\app\Login\Login.Component.js.map
C:\Users\Dionis\Desktop\ASP.NET\BuyWebPage\wwwroot\ClientApp\out-tsc\app\app.module.js
C:\Users\Dionis\Desktop\ASP.NET\BuyWebPage\wwwroot\ClientApp\out-tsc\app\app.module.js.map
C:\Users\Dionis\Desktop\ASP.NET\BuyWebPage\wwwroot\ClientApp\out-tsc\environments\environment.js
C:\Users\Dionis\Desktop\ASP.NET\BuyWebPage\wwwroot\ClientApp\out-tsc\environments\environment.js.map
C:\Users\Dionis\Desktop\ASP.NET\BuyWebPage\wwwroot\ClientApp\out-tsc\main.js
C:\Users\Dionis\Desktop\ASP.NET\BuyWebPage\wwwroot\ClientApp\out-tsc\main.js.map
C:\Users\Dionis\Desktop\ASP.NET\BuyWebPage\wwwroot\ClientApp\out-tsc\polyfills.js
C:\Users\Dionis\Desktop\ASP.NET\BuyWebPage\wwwroot\ClientApp\out-tsc\polyfills.js.map
C:\Users\Dionis\Desktop\ASP.NET\BuyWebPage\wwwroot\ClientApp\out-tsc\environments\environment.prod.js
C:\Users\Dionis\Desktop\ASP.NET\BuyWebPage\wwwroot\ClientApp\out-tsc\environments\environment.prod.js.map
C:\Users\Dionis\Desktop\ASP.NET\BuyWebPage\wwwroot\ClientApp\out-tsc\app\app.component.js
C:\Users\Dionis\Desktop\ASP.NET\BuyWebPage\wwwroot\ClientApp\out-tsc\app\app.component.js.map
C:\Users\Dionis\Desktop\ASP.NET\BuyWebPage\wwwroot\ClientApp\out-tsc\app\Shared\products.js
C:\Users\Dionis\Desktop\ASP.NET\BuyWebPage\wwwroot\ClientApp\out-tsc\app\Shared\products.js.map
C:\Users\Dionis\Desktop\ASP.NET\BuyWebPage\wwwroot\ClientApp\out-tsc\app\Shared\Orders.js
C:\Users\Dionis\Desktop\ASP.NET\BuyWebPage\wwwroot\ClientApp\out-tsc\app\Shared\Orders.js.map
C:\Users\Dionis\Desktop\ASP.NET\BuyWebPage\wwwroot\ClientApp\out-tsc\app\Shared\DataService.js
C:\Users\Dionis\Desktop\ASP.NET\BuyWebPage\wwwroot\ClientApp\out-tsc\app\Shared\DataService.js.map
C:\Users\Dionis\Desktop\ASP.NET\BuyWebPage\wwwroot\ClientApp\out-tsc\app\Shop\Products.Component.js
C:\Users\Dionis\Desktop\ASP.NET\BuyWebPage\wwwroot\ClientApp\out-tsc\app\Shop\Products.Component.js.map
C:\Users\Dionis\Desktop\ASP.NET\BuyWebPage\wwwroot\ClientApp\out-tsc\app\SearchProducts\SearchProductComponent.js
C:\Users\Dionis\Desktop\ASP.NET\BuyWebPage\wwwroot\ClientApp\out-tsc\app\SearchProducts\SearchProductComponent.js.map
C:\Users\Dionis\Desktop\ASP.NET\BuyWebPage\wwwroot\ClientApp\out-tsc\app\Cart\Cart.Component.js
C:\Users\Dionis\Desktop\ASP.NET\BuyWebPage\wwwroot\ClientApp\out-tsc\app\Cart\Cart.Component.js.map
C:\Users\Dionis\Desktop\ASP.NET\BuyWebPage\wwwroot\ClientApp\out-tsc\app\checkout.component.js
C:\Users\Dionis\Desktop\ASP.NET\BuyWebPage\wwwroot\ClientApp\out-tsc\app\checkout.component.js.map
C:\Users\Dionis\Desktop\ASP.NET\BuyWebPage\wwwroot\ClientApp\out-tsc\app\Shop.Component.js
C:\Users\Dionis\Desktop\ASP.NET\BuyWebPage\wwwroot\ClientApp\out-tsc\app\Shop.Component.js.map
C:\Users\Dionis\Desktop\ASP.NET\BuyWebPage\wwwroot\ClientApp\out-tsc\app\Login\Login.Component.js
C:\Users\Dionis\Desktop\ASP.NET\BuyWebPage\wwwroot\ClientApp\out-tsc\app\Login\Login.Component.js.map
C:\Users\Dionis\Desktop\ASP.NET\BuyWebPage\wwwroot\ClientApp\out-tsc\app\app.module.js
C:\Users\Dionis\Desktop\ASP.NET\BuyWebPage\wwwroot\ClientApp\out-tsc\app\app.module.js.map
C:\Users\Dionis\Desktop\ASP.NET\BuyWebPage\wwwroot\ClientApp\out-tsc\environments\environment.js
C:\Users\Dionis\Desktop\ASP.NET\BuyWebPage\wwwroot\ClientApp\out-tsc\environments\environment.js.map
C:\Users\Dionis\Desktop\ASP.NET\BuyWebPage\wwwroot\ClientApp\out-tsc\main.js
C:\Users\Dionis\Desktop\ASP.NET\BuyWebPage\wwwroot\ClientApp\out-tsc\main.js.map
C:\Users\Dionis\Desktop\ASP.NET\BuyWebPage\wwwroot\ClientApp\out-tsc\polyfills.js
C:\Users\Dionis\Desktop\ASP.NET\BuyWebPage\wwwroot\ClientApp\out-tsc\polyfills.js.map
C:\Users\Dionis\Desktop\ASP.NET\BuyWebPage\wwwroot\ClientApp\out-tsc\environments\environment.prod.js
C:\Users\Dionis\Desktop\ASP.NET\BuyWebPage\wwwroot\ClientApp\out-tsc\environments\environment.prod.js.map
